<?xml version="1.0" encoding="UTF-8"?>
<!-- Generated by org.testng.reporters.JUnitXMLReporter -->
<testsuite hostname="lgvn14663" name="IE on Windows - ID" tests="1" failures="1" timestamp="10 Apr 2015 08:48:21 GMT" time="277.321" errors="0">
  <testcase name="TC_Point_Club_Verification" time="275.125" classname="rakuten.PointClubVerification">
    <failure type="java.lang.AssertionError" message="expected [Poin Club] but found [Point Club]">
      <![CDATA[java.lang.AssertionError: expected [Poin Club] but found [Point Club]
	at com.logigear.selenium.QTiumAssert.verifyEquals(QTiumAssert.java:54)
	at com.logigear.selenium.QTiumAssert.verifyEquals(QTiumAssert.java:67)
	at rakuten.PointClubAction.VerifyLanguage(PointClubAction.java:30)
	at rakuten.PointClubVerification.TC_Point_Club_Verification(PointClubVerification.java:47)
... Removed 28 stack frames]]>
    </failure>
  </testcase> <!-- TC_Point_Club_Verification -->
</testsuite> <!-- IE on Windows - ID -->
