<?xml version="1.0" encoding="UTF-8"?>
<testng-results skipped="0" failed="0" total="1" passed="1">
  <reporter-output>
  </reporter-output>
  <suite name="QTium" duration-ms="128530" started-at="2015-04-15T10:22:01Z" finished-at="2015-04-15T10:24:09Z">
    <groups>
    </groups>
    <test name="Selenium - TestNG - FireFox on Windows" duration-ms="128530" started-at="2015-04-15T10:22:01Z" finished-at="2015-04-15T10:24:09Z">
      <class name="rakuten.PointClubVerification">
        <test-method status="PASS" signature="setUp()[pri:0, instance:rakuten.PointClubVerification_MUK@15b7e8]" name="setUp" is-config="true" duration-ms="6" started-at="2015-04-15T17:22:01Z" finished-at="2015-04-15T17:22:01Z">
          <reporter-output>
          </reporter-output>
        </test-method> <!-- setUp -->
        <test-method status="PASS" signature="TC_Point_Club_Verification(java.lang.String, java.lang.String, java.lang.String)[pri:0, instance:rakuten.PointClubVerification_MUK@15b7e8]" name="TC_Point_Club_Verification" duration-ms="127592" started-at="2015-04-15T17:22:01Z" description="Open My Account" finished-at="2015-04-15T17:24:09Z">
          <params>
            <param index="0">
              <value>
                <![CDATA[http://www.rakuten.co.uk]]>
              </value>
            </param>
            <param index="1">
              <value>
                <![CDATA[test.rakuten.uk@gmail.com]]>
              </value>
            </param>
            <param index="2">
              <value>
                <![CDATA[rakuten01]]>
              </value>
            </param>
          </params>
          <reporter-output>
          </reporter-output>
        </test-method> <!-- TC_Point_Club_Verification -->
        <test-method status="PASS" signature="tearDown()[pri:0, instance:rakuten.PointClubVerification_MUK@15b7e8]" name="tearDown" is-config="true" duration-ms="447" started-at="2015-04-15T17:24:09Z" finished-at="2015-04-15T17:24:09Z">
          <reporter-output>
          </reporter-output>
        </test-method> <!-- tearDown -->
      </class> <!-- rakuten.PointClubVerification -->
    </test> <!-- Selenium - TestNG - FireFox on Windows -->
  </suite> <!-- QTium -->
</testng-results>
